<?xml version="1.0" encoding="UTF-8"?>
<testsuite xmlns:xsi="http://www.w3.org/2001/XMLSchema-instance" xsi:noNamespaceSchemaLocation="https://maven.apache.org/surefire/maven-surefire-plugin/xsd/surefire-test-report.xsd" version="3.0.2" name="com.learn.developer.ReactiveGatewayCacheApplicationTests" time="3.924" tests="1" errors="0" skipped="0" failures="0">
  <properties>
[...]
</properties>
  <testcase name="contextLoads" classname="com.learn.developer.ReactiveGatewayCacheApplicationTests" time="0.465">
    <system-out><![CDATA[19:36:47.715 [main] INFO org.springframework.test.context.support.AnnotationConfigContextLoaderUtils -- Could not detect default configuration classes for test class [com.learn.developer.ReactiveGatewayCacheApplicationTests]: ReactiveGatewayCacheApplicationTests does not declare any static, non-private, non-final, nested classes annotated with @Configuration.
19:36:47.809 [main] INFO org.springframework.boot.test.context.SpringBootTestContextBootstrapper -- Found @SpringBootConfiguration com.learn.developer.ReactiveGatewayCacheApplication for test class com.learn.developer.ReactiveGatewayCacheApplicationTests

  .   ____          _            __ _ _
 /\\ / ___'_ __ _ _(_)_ __  __ _ \ \ \ \
( ( )\___ | '_ | '_| | '_ \/ _` | \ \ \ \
 \\/  ___)| |_)| | | | | || (_| |  ) ) ) )
  '  |____| .__|_| |_|_| |_\__, | / / / /
 =========|_|==============|___/=/_/_/_/

 :: Spring Boot ::               (v3.5.11)

2026-03-08T19:36:48.347+08:00  INFO 23504 --- [           main] l.d.ReactiveGatewayCacheApplicationTests : Starting ReactiveGatewayCacheApplicationTests using Java 24.0.2 with PID 23504 (started by Jesserey in C:\dev\reactive-gateway-cache)
2026-03-08T19:36:48.347+08:00  INFO 23504 --- [           main] l.d.ReactiveGatewayCacheApplicationTests : No active profile set, falling back to 1 default profile: "default"
2026-03-08T19:36:49.652+08:00  INFO 23504 --- [           main] o.s.cloud.context.scope.GenericScope     : BeanFactory id=77216acf-ac49-3949-b40e-0b7101ced590
2026-03-08T19:36:50.522+08:00  INFO 23504 --- [           main] o.s.c.g.r.RouteDefinitionRouteLocator    : Loaded RoutePredicateFactory [After]
2026-03-08T19:36:50.522+08:00  INFO 23504 --- [           main] o.s.c.g.r.RouteDefinitionRouteLocator    : Loaded RoutePredicateFactory [Before]
2026-03-08T19:36:50.522+08:00  INFO 23504 --- [           main] o.s.c.g.r.RouteDefinitionRouteLocator    : Loaded RoutePredicateFactory [Between]
2026-03-08T19:36:50.522+08:00  INFO 23504 --- [           main] o.s.c.g.r.RouteDefinitionRouteLocator    : Loaded RoutePredicateFactory [Cookie]
2026-03-08T19:36:50.522+08:00  INFO 23504 --- [           main] o.s.c.g.r.RouteDefinitionRouteLocator    : Loaded RoutePredicateFactory [Header]
2026-03-08T19:36:50.522+08:00  INFO 23504 --- [           main] o.s.c.g.r.RouteDefinitionRouteLocator    : Loaded RoutePredicateFactory [Host]
2026-03-08T19:36:50.522+08:00  INFO 23504 --- [           main] o.s.c.g.r.RouteDefinitionRouteLocator    : Loaded RoutePredicateFactory [Method]
2026-03-08T19:36:50.522+08:00  INFO 23504 --- [           main] o.s.c.g.r.RouteDefinitionRouteLocator    : Loaded RoutePredicateFactory [Path]
2026-03-08T19:36:50.522+08:00  INFO 23504 --- [           main] o.s.c.g.r.RouteDefinitionRouteLocator    : Loaded RoutePredicateFactory [Query]
2026-03-08T19:36:50.522+08:00  INFO 23504 --- [           main] o.s.c.g.r.RouteDefinitionRouteLocator    : Loaded RoutePredicateFactory [ReadBody]
2026-03-08T19:36:50.522+08:00  INFO 23504 --- [           main] o.s.c.g.r.RouteDefinitionRouteLocator    : Loaded RoutePredicateFactory [RemoteAddr]
2026-03-08T19:36:50.522+08:00  INFO 23504 --- [           main] o.s.c.g.r.RouteDefinitionRouteLocator    : Loaded RoutePredicateFactory [XForwardedRemoteAddr]
2026-03-08T19:36:50.522+08:00  INFO 23504 --- [           main] o.s.c.g.r.RouteDefinitionRouteLocator    : Loaded RoutePredicateFactory [Weight]
2026-03-08T19:36:50.522+08:00  INFO 23504 --- [           main] o.s.c.g.r.RouteDefinitionRouteLocator    : Loaded RoutePredicateFactory [CloudFoundryRouteService]
2026-03-08T19:36:50.736+08:00  INFO 23504 --- [           main] o.s.b.a.e.web.EndpointLinksResolver      : Exposing 3 endpoints beneath base path '/actuator'
2026-03-08T19:36:51.052+08:00  INFO 23504 --- [           main] l.d.ReactiveGatewayCacheApplicationTests : Started ReactiveGatewayCacheApplicationTests in 3.017 seconds (process running for 3.891)
]]></system-out>
    <system-err><![CDATA[Mockito is currently self-attaching to enable the inline-mock-maker. This will no longer work in future releases of the JDK. Please add Mockito as an agent to your build as described in Mockito's documentation: https://javadoc.io/doc/org.mockito/mockito-core/latest/org.mockito/org/mockito/Mockito.html#0.3
WARNING: A Java agent has been loaded dynamically (C:\Users\Jesserey\.m2\repository\net\bytebuddy\byte-buddy-agent\1.17.8\byte-buddy-agent-1.17.8.jar)
WARNING: If a serviceability tool is in use, please run with -XX:+EnableDynamicAgentLoading to hide this warning
WARNING: If a serviceability tool is not in use, please run with -Djdk.instrument.traceUsage for more information
WARNING: Dynamic loading of agents will be disallowed by default in a future release
]]></system-err>
  </testcase>
</testsuite>