<?xml version="1.0" encoding="UTF-8"?>
<testsuite xmlns:xsi="http://www.w3.org/2001/XMLSchema-instance" xsi:noNamespaceSchemaLocation="https://maven.apache.org/surefire/maven-surefire-plugin/xsd/surefire-test-report.xsd" version="3.0.2" name="com.learn.developer.ReactiveGatewayCacheApplicationTests" time="8.107" tests="1" errors="0" skipped="0" failures="0">
  <properties>
[...]
</properties>
  <testcase name="contextLoads" classname="com.learn.developer.ReactiveGatewayCacheApplicationTests" time="0.929">
    <system-out><![CDATA[15:20:55.302 [main] INFO org.springframework.test.context.support.AnnotationConfigContextLoaderUtils -- Could not detect default configuration classes for test class [com.learn.developer.ReactiveGatewayCacheApplicationTests]: ReactiveGatewayCacheApplicationTests does not declare any static, non-private, non-final, nested classes annotated with @Configuration.
15:20:55.484 [main] INFO org.springframework.boot.test.context.SpringBootTestContextBootstrapper -- Found @SpringBootConfiguration com.learn.developer.ReactiveGatewayCacheApplication for test class com.learn.developer.ReactiveGatewayCacheApplicationTests

  .   ____          _            __ _ _
 /\\ / ___'_ __ _ _(_)_ __  __ _ \ \ \ \
( ( )\___ | '_ | '_| | '_ \/ _` | \ \ \ \
 \\/  ___)| |_)| | | | | || (_| |  ) ) ) )
  '  |____| .__|_| |_|_| |_\__, | / / / /
 =========|_|==============|___/=/_/_/_/

 :: Spring Boot ::                (v3.5.5)

2025-08-27T15:20:56.589+08:00  INFO 80075 --- [           main] l.d.ReactiveGatewayCacheApplicationTests : Starting ReactiveGatewayCacheApplicationTests using Java 21.0.8 with PID 80075 (started by jessereyjoseph in /Users/jessereyjoseph/PSSLAI/learn/reactive-gateway-cache)
2025-08-27T15:20:56.595+08:00  INFO 80075 --- [           main] l.d.ReactiveGatewayCacheApplicationTests : No active profile set, falling back to 1 default profile: "default"
2025-08-27T15:20:59.159+08:00  INFO 80075 --- [           main] o.s.cloud.context.scope.GenericScope     : BeanFactory id=d8d50616-f92f-32b1-8720-0924c51499ec
2025-08-27T15:21:01.060+08:00  INFO 80075 --- [           main] o.s.c.g.r.RouteDefinitionRouteLocator    : Loaded RoutePredicateFactory [After]
2025-08-27T15:21:01.061+08:00  INFO 80075 --- [           main] o.s.c.g.r.RouteDefinitionRouteLocator    : Loaded RoutePredicateFactory [Before]
2025-08-27T15:21:01.062+08:00  INFO 80075 --- [           main] o.s.c.g.r.RouteDefinitionRouteLocator    : Loaded RoutePredicateFactory [Between]
2025-08-27T15:21:01.062+08:00  INFO 80075 --- [           main] o.s.c.g.r.RouteDefinitionRouteLocator    : Loaded RoutePredicateFactory [Cookie]
2025-08-27T15:21:01.062+08:00  INFO 80075 --- [           main] o.s.c.g.r.RouteDefinitionRouteLocator    : Loaded RoutePredicateFactory [Header]
2025-08-27T15:21:01.062+08:00  INFO 80075 --- [           main] o.s.c.g.r.RouteDefinitionRouteLocator    : Loaded RoutePredicateFactory [Host]
2025-08-27T15:21:01.062+08:00  INFO 80075 --- [           main] o.s.c.g.r.RouteDefinitionRouteLocator    : Loaded RoutePredicateFactory [Method]
2025-08-27T15:21:01.062+08:00  INFO 80075 --- [           main] o.s.c.g.r.RouteDefinitionRouteLocator    : Loaded RoutePredicateFactory [Path]
2025-08-27T15:21:01.062+08:00  INFO 80075 --- [           main] o.s.c.g.r.RouteDefinitionRouteLocator    : Loaded RoutePredicateFactory [Query]
2025-08-27T15:21:01.062+08:00  INFO 80075 --- [           main] o.s.c.g.r.RouteDefinitionRouteLocator    : Loaded RoutePredicateFactory [ReadBody]
2025-08-27T15:21:01.062+08:00  INFO 80075 --- [           main] o.s.c.g.r.RouteDefinitionRouteLocator    : Loaded RoutePredicateFactory [RemoteAddr]
2025-08-27T15:21:01.063+08:00  INFO 80075 --- [           main] o.s.c.g.r.RouteDefinitionRouteLocator    : Loaded RoutePredicateFactory [XForwardedRemoteAddr]
2025-08-27T15:21:01.063+08:00  INFO 80075 --- [           main] o.s.c.g.r.RouteDefinitionRouteLocator    : Loaded RoutePredicateFactory [Weight]
2025-08-27T15:21:01.063+08:00  INFO 80075 --- [           main] o.s.c.g.r.RouteDefinitionRouteLocator    : Loaded RoutePredicateFactory [CloudFoundryRouteService]
2025-08-27T15:21:01.591+08:00  INFO 80075 --- [           main] o.s.b.a.e.web.EndpointLinksResolver      : Exposing 3 endpoints beneath base path '/actuator'
2025-08-27T15:21:02.215+08:00  INFO 80075 --- [           main] l.d.ReactiveGatewayCacheApplicationTests : Started ReactiveGatewayCacheApplicationTests in 6.273 seconds (process running for 8.067)
]]></system-out>
    <system-err><![CDATA[Mockito is currently self-attaching to enable the inline-mock-maker. This will no longer work in future releases of the JDK. Please add Mockito as an agent to your build as described in Mockito's documentation: https://javadoc.io/doc/org.mockito/mockito-core/latest/org.mockito/org/mockito/Mockito.html#0.3
WARNING: A Java agent has been loaded dynamically (/Users/jessereyjoseph/.m2/repository/net/bytebuddy/byte-buddy-agent/1.17.7/byte-buddy-agent-1.17.7.jar)
WARNING: If a serviceability tool is in use, please run with -XX:+EnableDynamicAgentLoading to hide this warning
WARNING: If a serviceability tool is not in use, please run with -Djdk.instrument.traceUsage for more information
WARNING: Dynamic loading of agents will be disallowed by default in a future release
]]></system-err>
  </testcase>
</testsuite>